0 info it worked if it ends with ok
1 verbose cli [ 'e:\\Program Files (x86)\\Nodist\\v-x64\\6.3.0\\node.exe',
1 verbose cli   'e:\\Program Files (x86)\\Nodist\\npmv\\3.10.3\\bin\\npm-cli.js',
1 verbose cli   'start' ]
2 info using npm@3.10.3
3 info using node@v6.3.0
4 verbose run-script [ 'prestart', 'start', 'poststart' ]
5 info lifecycle angular2-quickstart@1.0.0~prestart: angular2-quickstart@1.0.0
6 silly lifecycle angular2-quickstart@1.0.0~prestart: no script for prestart, continuing
7 info lifecycle angular2-quickstart@1.0.0~start: angular2-quickstart@1.0.0
8 verbose lifecycle angular2-quickstart@1.0.0~start: unsafe-perm in lifecycle true
9 verbose lifecycle angular2-quickstart@1.0.0~start: PATH: E:\Program Files (x86)\Nodist\npmv\3.10.3\bin\node-gyp-bin;D:\code\learn\html\angular2\angular2-tour-of-heros\node_modules\.bin;e:\Program Files (x86)\Nodist\v-x64\6.3.0;C:\Users\yangsaw\bin;E:\Program Files\Git\mingw64\bin;E:\Program Files\Git\usr\local\bin;E:\Program Files\Git\usr\bin;E:\Program Files\Git\usr\bin;E:\Program Files\Git\mingw64\bin;E:\Program Files\Git\usr\bin;C:\Users\yangsaw\bin;C:\ProgramData\Oracle\Java\javapath;D:\Python27;D:\Python27\Scripts;C:\Perl\bin;C:\WINDOWS\system32;C:\WINDOWS;C:\WINDOWS\System32\Wbem;C:\WINDOWS\System32\WindowsPowerShell\v1.0;D:\Program Files\Perforce;C:\Program Files\Microsoft\Web Platform Installer;C:\Program Files (x86)\Microsoft ASP.NET\ASP.NET Web Pages\v1.0;C:\Program Files\Microsoft SQL Server\110\Tools\Binn;C:\Program Files\Common Files\Autodesk Shared;D:\Program Files (x86)\Code Collaborator Client;C:\Program Files (x86)\Common Files\Autodesk Shared;C:\Program Files\Collaborator Client;C:\Program Files (x86)\Heroku\bin;C:\Program Files (x86)\git\cmd;%USERPROFILE%\.dnx\bin;C:\Program Files\Microsoft DNX\Dnvm;C:\Program Files (x86)\Windows Kits\10\Windows Performance Toolkit;E:\GitStack\python;E:\GitStack\python\Scripts;E:\GitStack\php;E:\GitStack\git\cmd;E:\GitStack\git\bin;C:\Program Files\dotnet;E:\Program Files\Git\cmd;E:\Program Files (x86)\Nodist\bin;C:\Ruby23-x64\bin;E:\Program Files\Java\jdk1.8.0_91\bin;D:\Program Files\apache-ant-1.9.4\bin;D:\Program Files\Android\sdk\tools;D:\Program Files\Android\sdk\platform-tools;D:\Program Files (x86)\touch.exe-0.99;E:\Program Files (x86)\Microsoft VS Code\bin;E:\Program Files\curl-7.33.0-win64-ssl-sspi;E:\Program Files\Java\jdk1.8.0_91\jre\bin;C:\Users\yangsaw\AppData\Local\Box\Box Edit;E:\Program Files\Git\usr\bin\vendor_perl;E:\Program Files\Git\usr\bin\core_perl
10 verbose lifecycle angular2-quickstart@1.0.0~start: CWD: D:\code\learn\html\angular2\angular2-tour-of-heros
11 silly lifecycle angular2-quickstart@1.0.0~start: Args: [ '/d /s /c',
11 silly lifecycle   'tsc && concurrently "npm run tsc:w" "npm run lite" ' ]
12 silly lifecycle angular2-quickstart@1.0.0~start: Returned: code: 2  signal: null
13 info lifecycle angular2-quickstart@1.0.0~start: Failed to exec start script
14 verbose stack Error: angular2-quickstart@1.0.0 start: `tsc && concurrently "npm run tsc:w" "npm run lite" `
14 verbose stack Exit status 2
14 verbose stack     at EventEmitter.<anonymous> (E:\Program Files (x86)\Nodist\npmv\3.10.3\lib\utils\lifecycle.js:242:16)
14 verbose stack     at emitTwo (events.js:106:13)
14 verbose stack     at EventEmitter.emit (events.js:191:7)
14 verbose stack     at ChildProcess.<anonymous> (E:\Program Files (x86)\Nodist\npmv\3.10.3\lib\utils\spawn.js:40:14)
14 verbose stack     at emitTwo (events.js:106:13)
14 verbose stack     at ChildProcess.emit (events.js:191:7)
14 verbose stack     at maybeClose (internal/child_process.js:852:16)
14 verbose stack     at Process.ChildProcess._handle.onexit (internal/child_process.js:215:5)
15 verbose pkgid angular2-quickstart@1.0.0
16 verbose cwd D:\code\learn\html\angular2\angular2-tour-of-heros
17 error Windows_NT 6.1.7601
18 error argv "e:\\Program Files (x86)\\Nodist\\v-x64\\6.3.0\\node.exe" "e:\\Program Files (x86)\\Nodist\\npmv\\3.10.3\\bin\\npm-cli.js" "start"
19 error node v6.3.0
20 error npm  v3.10.3
21 error code ELIFECYCLE
22 error angular2-quickstart@1.0.0 start: `tsc && concurrently "npm run tsc:w" "npm run lite" `
22 error Exit status 2
23 error Failed at the angular2-quickstart@1.0.0 start script 'tsc && concurrently "npm run tsc:w" "npm run lite" '.
23 error Make sure you have the latest version of node.js and npm installed.
23 error If you do, this is most likely a problem with the angular2-quickstart package,
23 error not with npm itself.
23 error Tell the author that this fails on your system:
23 error     tsc && concurrently "npm run tsc:w" "npm run lite"
23 error You can get information on how to open an issue for this project with:
23 error     npm bugs angular2-quickstart
23 error Or if that isn't available, you can get their info via:
23 error     npm owner ls angular2-quickstart
23 error There is likely additional logging output above.
24 verbose exit [ 1, true ]
